2025-11-16 00:01:48, MOVE, v:1, k:poo@budega, mode:PICK
2025-11-16 00:01:50, EXEC, v:1, k:poo@budega, mode:FULL, rate:10, size:113
2025-11-16 00:03:21, EXEC, v:1, k:poo@budega, mode:FULL, rate:10, size:113
2025-11-16 00:43:12, MOVE, v:1, k:poo@budega, mode:PICK
2025-11-16 00:43:13, EXEC, v:1, k:poo@budega, mode:FULL, rate:10, size:113
2025-11-16 01:47:27, MOVE, v:1, k:poo@budega, mode:PICK
2025-11-16 02:06:06, EXEC, v:1, k:poo@budega, mode:FULL, rate:10
2025-11-16 02:11:45, EXEC, v:1, k:poo@budega, mode:FULL, rate:10, size:113
2025-11-16 02:12:02, EXEC, v:1, k:poo@budega, mode:FULL, rate:10, size:113
2025-11-16 02:23:20, EXEC, v:1, k:poo@budega, mode:FULL, rate:10, size:113
2025-11-16 02:24:26, EXEC, v:1, k:poo@budega, mode:FULL, rate:10, size:113
2025-11-16 02:27:52, EXEC, v:1, k:poo@budega, mode:FULL, rate:10, size:117
2025-11-16 02:31:08, MOVE, v:1, k:poo@budega, mode:BACK
2025-11-16 02:31:31, MOVE, v:1, k:poo@budega, mode:PICK
2025-11-16 02:31:48, EXEC, v:1, k:poo@budega, mode:FULL, rate:10, size:113
2025-11-16 02:35:09, EXEC, v:1, k:poo@budega, mode:FULL, rate:10, size:117
2025-11-16 02:36:13, EXEC, v:1, k:poo@budega, mode:FULL, rate:10, size:115
2025-11-16 02:49:31, EXEC, v:1, k:poo@budega, mode:FULL, rate:10, size:121
2025-11-16 02:50:37, EXEC, v:1, k:poo@budega, mode:FULL, rate:10, size:120
2025-11-16 02:50:39, EXEC, v:1, k:poo@budega, mode:FULL, rate:10
2025-11-16 02:50:39, EXEC, v:1, k:poo@budega, mode:FULL, rate:10
2025-11-16 02:50:40, EXEC, v:1, k:poo@budega, mode:FULL, rate:10
2025-11-16 02:50:40, EXEC, v:1, k:poo@budega, mode:FULL, rate:10
2025-11-16 02:50:40, EXEC, v:1, k:poo@budega, mode:FULL, rate:10
2025-11-16 02:50:41, EXEC, v:1, k:poo@budega, mode:FULL, rate:10
2025-11-16 02:50:42, EXEC, v:1, k:poo@budega, mode:FULL, rate:10
2025-11-16 02:50:42, EXEC, v:1, k:poo@budega, mode:FULL, rate:10
2025-11-16 02:50:42, EXEC, v:1, k:poo@budega, mode:FULL, rate:10
2025-11-16 02:50:42, EXEC, v:1, k:poo@budega, mode:FULL, rate:10
2025-11-16 02:50:43, EXEC, v:1, k:poo@budega, mode:FULL, rate:10
2025-11-16 02:50:43, EXEC, v:1, k:poo@budega, mode:FULL, rate:10
2025-11-16 02:50:43, EXEC, v:1, k:poo@budega, mode:FULL, rate:10
2025-11-16 02:50:44, EXEC, v:1, k:poo@budega, mode:FULL, rate:10
2025-11-16 02:50:44, EXEC, v:1, k:poo@budega, mode:FULL, rate:10
2025-11-16 02:50:44, EXEC, v:1, k:poo@budega, mode:FULL, rate:10
2025-11-16 02:50:44, EXEC, v:1, k:poo@budega, mode:FULL, rate:10
2025-11-16 02:50:45, EXEC, v:1, k:poo@budega, mode:FULL, rate:10
2025-11-16 02:50:45, EXEC, v:1, k:poo@budega, mode:FULL, rate:10
2025-11-16 02:50:45, EXEC, v:1, k:poo@budega, mode:FULL, rate:10
2025-11-16 02:50:45, EXEC, v:1, k:poo@budega, mode:FULL, rate:10
2025-11-16 02:50:46, EXEC, v:1, k:poo@budega, mode:FULL, rate:10
2025-11-16 02:50:46, EXEC, v:1, k:poo@budega, mode:FULL, rate:10
2025-11-16 02:50:46, EXEC, v:1, k:poo@budega, mode:FULL, rate:10
2025-11-16 02:50:46, EXEC, v:1, k:poo@budega, mode:FULL, rate:10
2025-11-16 02:50:47, EXEC, v:1, k:poo@budega, mode:FULL, rate:10
2025-11-16 02:50:47, EXEC, v:1, k:poo@budega, mode:FULL, rate:10
2025-11-16 02:50:47, EXEC, v:1, k:poo@budega, mode:FULL, rate:10
2025-11-16 02:50:47, EXEC, v:1, k:poo@budega, mode:FULL, rate:10
2025-11-16 02:50:48, EXEC, v:1, k:poo@budega, mode:FULL, rate:10
2025-11-16 02:50:48, EXEC, v:1, k:poo@budega, mode:FULL, rate:10
2025-11-16 02:50:48, EXEC, v:1, k:poo@budega, mode:FULL, rate:10
2025-11-16 02:50:48, EXEC, v:1, k:poo@budega, mode:FULL, rate:10
2025-11-16 02:50:49, EXEC, v:1, k:poo@budega, mode:FULL, rate:10
2025-11-16 02:50:49, EXEC, v:1, k:poo@budega, mode:FULL, rate:10
2025-11-16 02:50:49, EXEC, v:1, k:poo@budega, mode:FULL, rate:10
2025-11-16 02:50:49, EXEC, v:1, k:poo@budega, mode:FULL, rate:10
2025-11-16 02:50:50, EXEC, v:1, k:poo@budega, mode:FULL, rate:10
2025-11-16 02:50:50, EXEC, v:1, k:poo@budega, mode:FULL, rate:10
2025-11-16 02:50:50, EXEC, v:1, k:poo@budega, mode:FULL, rate:10
2025-11-16 02:50:50, EXEC, v:1, k:poo@budega, mode:FULL, rate:10
2025-11-16 02:50:51, EXEC, v:1, k:poo@budega, mode:FULL, rate:10
2025-11-16 02:50:51, EXEC, v:1, k:poo@budega, mode:FULL, rate:10
2025-11-16 02:50:51, EXEC, v:1, k:poo@budega, mode:FULL, rate:10
2025-11-16 02:50:51, EXEC, v:1, k:poo@budega, mode:FULL, rate:10
2025-11-16 02:50:52, EXEC, v:1, k:poo@budega, mode:FULL, rate:10
2025-11-16 02:50:52, EXEC, v:1, k:poo@budega, mode:FREE
2025-11-16 02:52:47, EXEC, v:1, k:poo@budega, mode:FULL, rate:10, size:117
2025-11-16 02:53:15, EXEC, v:1, k:poo@budega, mode:FULL, rate:100, size:84
2025-11-16 02:55:37, EXEC, v:1, k:poo@budega, mode:FULL, rate:10, size:117
